<?xml version="1.0" encoding="UTF-8"?>
<!-- Generated by org.testng.reporters.JUnitReportReporter -->
<testsuite hostname="Rangis-MacBook-Pro.local" failures="0" tests="1" name="producttest.TeamNTest" time="17.119" errors="0" timestamp="2025-07-31T10:51:57 IST" skipped="0">
  <testcase classname="producttest.TeamNTest" name="AddProduct" time="17.119"/>
</testsuite> <!-- producttest.TeamNTest -->
