<?xml version="1.0" encoding="UTF-8"?>
<!-- Generated by org.testng.reporters.JUnitReportReporter -->
<testsuite hostname="Rangis-MacBook-Pro.local" failures="0" tests="1" name="producttest.TeamNTest" time="7.410" errors="0" timestamp="2025-07-28T11:57:42 IST" skipped="0">
  <testcase classname="producttest.TeamNTest" name="RangiSumadhar" time="7.410"/>
</testsuite> <!-- producttest.TeamNTest -->
